<?xml version="1.0" encoding="UTF-8"?>
<testsuite xmlns:xsi="http://www.w3.org/2001/XMLSchema-instance" xsi:noNamespaceSchemaLocation="https://maven.apache.org/surefire/maven-surefire-plugin/xsd/surefire-test-report.xsd" version="3.0.2" name="com.senac.TalesEmissorMicroservico.TalesEmissorMicroservicoApplicationTests" time="3.905" tests="1" errors="0" skipped="0" failures="0">
  <properties>
[...]
</properties>
  <testcase name="contextLoads" classname="com.senac.TalesEmissorMicroservico.TalesEmissorMicroservicoApplicationTests" time="0.342">
    <system-out><![CDATA[20:51:56.692 [main] INFO org.springframework.test.context.support.AnnotationConfigContextLoaderUtils -- Could not detect default configuration classes for test class [com.senac.TalesEmissorMicroservico.TalesEmissorMicroservicoApplicationTests]: TalesEmissorMicroservicoApplicationTests does not declare any static, non-private, non-final, nested classes annotated with @Configuration.
20:51:56.762 [main] INFO org.springframework.boot.test.context.SpringBootTestContextBootstrapper -- Found @SpringBootConfiguration com.senac.TalesEmissorMicroservico.TalesEmissorMicroservicoApplication for test class com.senac.TalesEmissorMicroservico.TalesEmissorMicroservicoApplicationTests

  .   ____          _            __ _ _
 /\\ / ___'_ __ _ _(_)_ __  __ _ \ \ \ \
( ( )\___ | '_ | '_| | '_ \/ _` | \ \ \ \
 \\/  ___)| |_)| | | | | || (_| |  ) ) ) )
  '  |____| .__|_| |_|_| |_\__, | / / / /
 =========|_|==============|___/=/_/_/_/

 :: Spring Boot ::                (v3.4.0)

2024-12-05T20:51:57.045-03:00  INFO 34792 --- [TalesEmissorMicroservico] [           main] TalesEmissorMicroservicoApplicationTests : Starting TalesEmissorMicroservicoApplicationTests using Java 20.0.2 with PID 34792 (started by 36129382023.1N in C:\projetos\TalesEmissorMicroservico)
2024-12-05T20:51:57.046-03:00  INFO 34792 --- [TalesEmissorMicroservico] [           main] TalesEmissorMicroservicoApplicationTests : No active profile set, falling back to 1 default profile: "default"
2024-12-05T20:51:57.667-03:00  INFO 34792 --- [TalesEmissorMicroservico] [           main] .s.d.r.c.RepositoryConfigurationDelegate : Bootstrapping Spring Data JPA repositories in DEFAULT mode.
2024-12-05T20:51:57.688-03:00  INFO 34792 --- [TalesEmissorMicroservico] [           main] .s.d.r.c.RepositoryConfigurationDelegate : Finished Spring Data repository scanning in 11 ms. Found 0 JPA repository interfaces.
2024-12-05T20:51:58.021-03:00  INFO 34792 --- [TalesEmissorMicroservico] [           main] com.zaxxer.hikari.HikariDataSource       : HikariPool-1 - Starting...
2024-12-05T20:51:58.156-03:00  INFO 34792 --- [TalesEmissorMicroservico] [           main] com.zaxxer.hikari.pool.HikariPool        : HikariPool-1 - Added connection conn0: url=jdbc:h2:mem:f46e2188-8d61-4706-b5a1-c0e5a737e635 user=SA
2024-12-05T20:51:58.157-03:00  INFO 34792 --- [TalesEmissorMicroservico] [           main] com.zaxxer.hikari.HikariDataSource       : HikariPool-1 - Start completed.
2024-12-05T20:51:58.211-03:00  INFO 34792 --- [TalesEmissorMicroservico] [           main] o.hibernate.jpa.internal.util.LogHelper  : HHH000204: Processing PersistenceUnitInfo [name: default]
2024-12-05T20:51:58.267-03:00  INFO 34792 --- [TalesEmissorMicroservico] [           main] org.hibernate.Version                    : HHH000412: Hibernate ORM core version 6.6.2.Final
2024-12-05T20:51:58.310-03:00  INFO 34792 --- [TalesEmissorMicroservico] [           main] o.h.c.internal.RegionFactoryInitiator    : HHH000026: Second-level cache disabled
2024-12-05T20:51:58.634-03:00  INFO 34792 --- [TalesEmissorMicroservico] [           main] o.s.o.j.p.SpringPersistenceUnitInfo      : No LoadTimeWeaver setup: ignoring JPA class transformer
2024-12-05T20:51:58.702-03:00  INFO 34792 --- [TalesEmissorMicroservico] [           main] org.hibernate.orm.connections.pooling    : HHH10001005: Database info:
	Database JDBC URL [Connecting through datasource 'HikariDataSource (HikariPool-1)']
	Database driver: undefined/unknown
	Database version: 2.3.232
	Autocommit mode: undefined/unknown
	Isolation level: undefined/unknown
	Minimum pool size: undefined/unknown
	Maximum pool size: undefined/unknown
2024-12-05T20:51:59.189-03:00  INFO 34792 --- [TalesEmissorMicroservico] [           main] o.h.e.t.j.p.i.JtaPlatformInitiator       : HHH000489: No JTA platform available (set 'hibernate.transaction.jta.platform' to enable JTA platform integration)
2024-12-05T20:51:59.208-03:00  INFO 34792 --- [TalesEmissorMicroservico] [           main] j.LocalContainerEntityManagerFactoryBean : Initialized JPA EntityManagerFactory for persistence unit 'default'
2024-12-05T20:51:59.383-03:00  INFO 34792 --- [TalesEmissorMicroservico] [           main] o.s.a.r.c.CachingConnectionFactory       : Attempting to connect to: [localhost:5672]
2024-12-05T20:51:59.452-03:00  INFO 34792 --- [TalesEmissorMicroservico] [           main] o.s.a.r.c.CachingConnectionFactory       : Created new connection: rabbitConnectionFactory#46610fc9:0/SimpleConnection@37a14aa1 [delegate=amqp://admin@127.0.0.1:5672/, localPort=65342]
2024-12-05T20:51:59.710-03:00  WARN 34792 --- [TalesEmissorMicroservico] [           main] JpaBaseConfiguration$JpaWebConfiguration : spring.jpa.open-in-view is enabled by default. Therefore, database queries may be performed during view rendering. Explicitly configure spring.jpa.open-in-view to disable this warning
2024-12-05T20:52:00.138-03:00  INFO 34792 --- [TalesEmissorMicroservico] [           main] TalesEmissorMicroservicoApplicationTests : Started TalesEmissorMicroservicoApplicationTests in 3.271 seconds (process running for 3.935)
]]></system-out>
  </testcase>
</testsuite>